<?xml version="1.0" encoding="UTF-8"?>
<!-- Generated by org.testng.reporters.JUnitXMLReporter -->
<testsuite ignored="0" hostname="Dell-3550" failures="1" tests="1" name="Test(failed)(failed)(failed)(failed)(failed)" time="17.569" errors="0" timestamp="2026-03-08T15:26:19 IST">
  <testcase classname="tests.PolicyIssuanceTest" name="policyIssuanceFlow" time="16.064">
    <failure type="java.lang.AssertionError" message="expected [GJ80] but found [GJ39]">
      <![CDATA[java.lang.AssertionError: expected [GJ80] but found [GJ39]
at pages.PolicyDetailsPage.carDetailsCheck(PolicyDetailsPage.java:140)
at tests.PolicyIssuanceTest.policyIssuanceFlow(PolicyIssuanceTest.java:35)
at java.base/java.util.ArrayList.forEach(ArrayList.java:1596)
... Removed 31 stack frames]]>
    </failure>
  </testcase> <!-- policyIssuanceFlow -->
</testsuite> <!-- Test(failed)(failed)(failed)(failed)(failed) -->
