<?xml version="1.0" encoding="UTF-8"?>
<!-- Generated by org.testng.reporters.JUnitXMLReporter -->
<testsuite ignored="0" hostname="Dell-3550" failures="0" tests="1" name="Test(failed)(failed)(failed)(failed)(failed)(failed)(failed)(failed)(failed)" time="22.743" errors="0" timestamp="2026-03-08T20:52:48 IST">
  <testcase classname="tests.PolicyIssuanceTest" name="policyIssuanceFlow" time="19.679"/>
</testsuite> <!-- Test(failed)(failed)(failed)(failed)(failed)(failed)(failed)(failed)(failed) -->
