<?xml version="1.0" encoding="UTF-8"?>
<!-- Generated by org.testng.reporters.JUnitXMLReporter -->
<testsuite ignored="0" hostname="Dell-3550" failures="1" tests="1" name="Test(failed)" time="17.487" errors="0" timestamp="2026-03-08T15:14:17 IST">
  <testcase classname="tests.PolicyIssuanceTest" name="policyIssuanceFlow" time="15.974">
    <failure type="java.lang.AssertionError" message="expected [true] but found [false]">
      <![CDATA[java.lang.AssertionError: expected [true] but found [false]
at pages.PolicyDetailsPage.carDetailsCheck(PolicyDetailsPage.java:150)
at tests.PolicyIssuanceTest.policyIssuanceFlow(PolicyIssuanceTest.java:35)
at java.base/java.util.ArrayList.forEach(ArrayList.java:1596)
... Removed 29 stack frames]]>
    </failure>
  </testcase> <!-- policyIssuanceFlow -->
</testsuite> <!-- Test(failed) -->
