<?xml version="1.0" encoding="UTF-8"?>
<testng-results ignored="0" total="1" passed="1" failed="0" skipped="0">
  <reporter-output>
  </reporter-output>
  <suite started-at="2026-03-08T20:52:25 IST" name="Failed suite [Failed suite [Failed suite [Failed suite [Failed suite [Failed suite [Failed suite [Failed suite [Failed suite [Suite]]]]]]]]]" finished-at="2026-03-08T20:52:48 IST" duration-ms="22743">
    <groups>
    </groups>
    <test started-at="2026-03-08T20:52:25 IST" name="Test(failed)(failed)(failed)(failed)(failed)(failed)(failed)(failed)(failed)" finished-at="2026-03-08T20:52:48 IST" duration-ms="22743">
      <class name="tests.PolicyIssuanceTest">
        <test-method is-config="true" signature="setup()[pri:0, instance:tests.PolicyIssuanceTest@206a70ef]" started-at="2026-03-08T20:52:25 IST" name="setup" finished-at="2026-03-08T20:52:28 IST" duration-ms="2728" status="PASS">
          <reporter-output>
          </reporter-output>
        </test-method> <!-- setup -->
        <test-method signature="policyIssuanceFlow()[pri:0, instance:tests.PolicyIssuanceTest@206a70ef]" started-at="2026-03-08T20:52:28 IST" name="policyIssuanceFlow" finished-at="2026-03-08T20:52:48 IST" duration-ms="19679" status="PASS">
          <reporter-output>
          </reporter-output>
        </test-method> <!-- policyIssuanceFlow -->
        <test-method is-config="true" signature="close()[pri:0, instance:tests.PolicyIssuanceTest@206a70ef]" started-at="2026-03-08T20:52:48 IST" name="close" finished-at="2026-03-08T20:52:48 IST" duration-ms="289" status="PASS">
          <reporter-output>
          </reporter-output>
        </test-method> <!-- close -->
      </class> <!-- tests.PolicyIssuanceTest -->
    </test> <!-- Test(failed)(failed)(failed)(failed)(failed)(failed)(failed)(failed)(failed) -->
  </suite> <!-- Failed suite [Failed suite [Failed suite [Failed suite [Failed suite [Failed suite [Failed suite [Failed suite [Failed suite [Suite]]]]]]]]] -->
</testng-results>
